a:4:{s:10:"insertTime";s:19:"2015-05-04 15:08:18";s:2:"ip";s:3:"::1";s:3:"url";s:33:"/data/files/image/z/ctsnbj.x-icon";s:11:"visitCookie";i:1;}
a:4:{s:10:"insertTime";s:19:"2015-05-04 15:08:30";s:2:"ip";s:3:"::1";s:3:"url";s:14:"/aktualnosci-5";s:11:"visitCookie";i:1;}
a:4:{s:10:"insertTime";s:19:"2015-05-04 15:08:40";s:2:"ip";s:3:"::1";s:3:"url";s:33:"/data/files/image/z/ctsnbj.x-icon";s:11:"visitCookie";i:1;}
a:4:{s:10:"insertTime";s:19:"2015-05-04 15:08:40";s:2:"ip";s:3:"::1";s:3:"url";s:33:"/data/files/image/z/ctsnbj.x-icon";s:11:"visitCookie";i:1;}
a:4:{s:10:"insertTime";s:19:"2015-05-04 15:08:52";s:2:"ip";s:3:"::1";s:3:"url";s:40:"/nunc-eleifend-mi-eget-lacinia-malesuada";s:11:"visitCookie";i:1;}
a:4:{s:10:"insertTime";s:19:"2015-05-04 15:08:57";s:2:"ip";s:3:"::1";s:3:"url";s:40:"/nunc-eleifend-mi-eget-lacinia-malesuada";s:11:"visitCookie";i:1;}
a:4:{s:10:"insertTime";s:19:"2015-05-04 15:09:00";s:2:"ip";s:3:"::1";s:3:"url";s:40:"/nunc-eleifend-mi-eget-lacinia-malesuada";s:11:"visitCookie";i:1;}
a:4:{s:10:"insertTime";s:19:"2015-05-04 15:09:00";s:2:"ip";s:3:"::1";s:3:"url";s:37:"/image/avpyxsfrbsqq/100/100/original/";s:11:"visitCookie";i:1;}
a:4:{s:10:"insertTime";s:19:"2015-05-04 15:09:00";s:2:"ip";s:3:"::1";s:3:"url";s:43:"/image/gvssgrtympbc/802/300/smart/original/";s:11:"visitCookie";i:1;}
a:4:{s:10:"insertTime";s:19:"2015-05-04 15:09:00";s:2:"ip";s:3:"::1";s:3:"url";s:43:"/image/cakdzmaddtgk/802/300/smart/original/";s:11:"visitCookie";i:1;}
a:4:{s:10:"insertTime";s:19:"2015-05-04 15:09:00";s:2:"ip";s:3:"::1";s:3:"url";s:43:"/image/kgafsvbhbamv/802/300/smart/original/";s:11:"visitCookie";i:1;}
a:4:{s:10:"insertTime";s:19:"2015-05-04 15:09:00";s:2:"ip";s:3:"::1";s:3:"url";s:43:"/image/nnkrwdxckkxt/802/300/smart/original/";s:11:"visitCookie";i:1;}
a:4:{s:10:"insertTime";s:19:"2015-05-04 15:09:00";s:2:"ip";s:3:"::1";s:3:"url";s:43:"/image/dzxhgxpahtfz/802/300/smart/original/";s:11:"visitCookie";i:1;}
a:4:{s:10:"insertTime";s:19:"2015-05-04 15:09:00";s:2:"ip";s:3:"::1";s:3:"url";s:43:"/image/myrrvwzqajds/802/300/smart/original/";s:11:"visitCookie";i:1;}
a:4:{s:10:"insertTime";s:19:"2015-05-04 15:09:01";s:2:"ip";s:3:"::1";s:3:"url";s:43:"/image/bxpzqfbvkjzt/802/300/smart/original/";s:11:"visitCookie";i:1;}
a:4:{s:10:"insertTime";s:19:"2015-05-04 15:09:01";s:2:"ip";s:3:"::1";s:3:"url";s:37:"/image/avpyxsfrbsqq/100/100/original/";s:11:"visitCookie";i:1;}
a:4:{s:10:"insertTime";s:19:"2015-05-04 15:09:01";s:2:"ip";s:3:"::1";s:3:"url";s:43:"/image/kgafsvbhbamv/802/300/smart/original/";s:11:"visitCookie";i:1;}
a:4:{s:10:"insertTime";s:19:"2015-05-04 15:09:01";s:2:"ip";s:3:"::1";s:3:"url";s:43:"/image/bxpzqfbvkjzt/802/300/smart/original/";s:11:"visitCookie";i:1;}
a:4:{s:10:"insertTime";s:19:"2015-05-04 15:09:01";s:2:"ip";s:3:"::1";s:3:"url";s:43:"/image/nnkrwdxckkxt/802/300/smart/original/";s:11:"visitCookie";i:1;}
a:4:{s:10:"insertTime";s:19:"2015-05-04 15:09:01";s:2:"ip";s:3:"::1";s:3:"url";s:43:"/image/gvssgrtympbc/802/300/smart/original/";s:11:"visitCookie";i:1;}
a:4:{s:10:"insertTime";s:19:"2015-05-04 15:09:01";s:2:"ip";s:3:"::1";s:3:"url";s:43:"/image/cakdzmaddtgk/802/300/smart/original/";s:11:"visitCookie";i:1;}
a:4:{s:10:"insertTime";s:19:"2015-05-04 15:09:01";s:2:"ip";s:3:"::1";s:3:"url";s:43:"/image/dzxhgxpahtfz/802/300/smart/original/";s:11:"visitCookie";i:1;}
a:4:{s:10:"insertTime";s:19:"2015-05-04 15:09:01";s:2:"ip";s:3:"::1";s:3:"url";s:43:"/image/myrrvwzqajds/802/300/smart/original/";s:11:"visitCookie";i:1;}
a:4:{s:10:"insertTime";s:19:"2015-05-04 15:09:06";s:2:"ip";s:3:"::1";s:3:"url";s:32:"/do/rate/pagesDB/dkbajcksfzhf/0/";s:11:"visitCookie";i:1;}
a:4:{s:10:"insertTime";s:19:"2015-05-04 15:09:12";s:2:"ip";s:3:"::1";s:3:"url";s:8:"/widgety";s:11:"visitCookie";i:1;}
a:4:{s:10:"insertTime";s:19:"2015-05-04 15:09:12";s:2:"ip";s:3:"::1";s:3:"url";s:32:"/image/gtwgkbqzyvzh/140/200/fit/";s:11:"visitCookie";i:1;}
a:4:{s:10:"insertTime";s:19:"2015-05-04 15:09:12";s:2:"ip";s:3:"::1";s:3:"url";s:32:"/image/dkxtgktgndnr/140/200/fit/";s:11:"visitCookie";i:1;}
a:4:{s:10:"insertTime";s:19:"2015-05-04 15:09:12";s:2:"ip";s:3:"::1";s:3:"url";s:33:"/data/files/image/z/ctsnbj.x-icon";s:11:"visitCookie";i:1;}
a:4:{s:10:"insertTime";s:19:"2015-05-04 15:09:12";s:2:"ip";s:3:"::1";s:3:"url";s:32:"/image/zjvatpxrygpm/140/200/fit/";s:11:"visitCookie";i:1;}
a:4:{s:10:"insertTime";s:19:"2015-05-04 15:09:13";s:2:"ip";s:3:"::1";s:3:"url";s:18:"/licznik-odwiedzin";s:11:"visitCookie";i:1;}
a:4:{s:10:"insertTime";s:19:"2015-05-04 15:09:14";s:2:"ip";s:3:"::1";s:3:"url";s:33:"/data/files/image/z/ctsnbj.x-icon";s:11:"visitCookie";i:1;}
a:4:{s:10:"insertTime";s:19:"2015-05-04 15:09:18";s:2:"ip";s:3:"::1";s:3:"url";s:12:"/kalendarz-9";s:11:"visitCookie";i:1;}
a:4:{s:10:"insertTime";s:19:"2015-05-04 15:09:18";s:2:"ip";s:3:"::1";s:3:"url";s:33:"/data/files/image/z/ctsnbj.x-icon";s:11:"visitCookie";i:1;}
a:4:{s:10:"insertTime";s:19:"2015-05-04 15:09:21";s:2:"ip";s:3:"::1";s:3:"url";s:8:"/ankieta";s:11:"visitCookie";i:1;}
a:4:{s:10:"insertTime";s:19:"2015-05-04 15:09:22";s:2:"ip";s:3:"::1";s:3:"url";s:33:"/data/files/image/z/ctsnbj.x-icon";s:11:"visitCookie";i:1;}
a:4:{s:10:"insertTime";s:19:"2015-05-04 15:09:26";s:2:"ip";s:3:"::1";s:3:"url";s:13:"/kulturystyka";s:11:"visitCookie";i:1;}
a:4:{s:10:"insertTime";s:19:"2015-05-04 15:09:27";s:2:"ip";s:3:"::1";s:3:"url";s:32:"/image/pvzrysqfdhja/540/360/fit/";s:11:"visitCookie";i:1;}
a:4:{s:10:"insertTime";s:19:"2015-05-04 15:09:27";s:2:"ip";s:3:"::1";s:3:"url";s:33:"/data/files/image/z/ctsnbj.x-icon";s:11:"visitCookie";i:1;}
a:4:{s:10:"insertTime";s:19:"2015-05-04 15:09:30";s:2:"ip";s:3:"::1";s:3:"url";s:10:"/siatkowka";s:11:"visitCookie";i:1;}
a:4:{s:10:"insertTime";s:19:"2015-05-04 15:09:31";s:2:"ip";s:3:"::1";s:3:"url";s:33:"/data/files/image/z/ctsnbj.x-icon";s:11:"visitCookie";i:1;}
a:4:{s:10:"insertTime";s:19:"2015-05-04 15:09:33";s:2:"ip";s:3:"::1";s:3:"url";s:14:"/link-do-cms-8";s:11:"visitCookie";i:1;}
a:4:{s:10:"insertTime";s:19:"2015-05-04 15:09:38";s:2:"ip";s:3:"::1";s:3:"url";s:14:"/aktualnosci-5";s:11:"visitCookie";i:1;}
a:4:{s:10:"insertTime";s:19:"2015-05-04 15:09:38";s:2:"ip";s:3:"::1";s:3:"url";s:33:"/data/files/image/z/ctsnbj.x-icon";s:11:"visitCookie";i:1;}
a:4:{s:10:"insertTime";s:19:"2015-05-04 15:09:38";s:2:"ip";s:3:"::1";s:3:"url";s:34:"/image/prynggfkrchg/150/100/smart/";s:11:"visitCookie";i:1;}
a:4:{s:10:"insertTime";s:19:"2015-05-04 15:09:38";s:2:"ip";s:3:"::1";s:3:"url";s:34:"/image/cnvhkbtfbgxr/150/100/smart/";s:11:"visitCookie";i:1;}
a:4:{s:10:"insertTime";s:19:"2015-05-04 15:09:38";s:2:"ip";s:3:"::1";s:3:"url";s:34:"/image/btvvfdwvhvdf/150/100/smart/";s:11:"visitCookie";i:1;}
a:4:{s:10:"insertTime";s:19:"2015-05-04 15:09:40";s:2:"ip";s:3:"::1";s:3:"url";s:1:"/";s:11:"visitCookie";i:1;}
a:4:{s:10:"insertTime";s:19:"2015-05-04 15:09:40";s:2:"ip";s:3:"::1";s:3:"url";s:33:"/data/files/image/z/ctsnbj.x-icon";s:11:"visitCookie";i:1;}
